<?xml version="1.0" encoding="UTF-8"?>
<!-- Generated by org.testng.reporters.JUnitReportReporter -->
<testsuite hostname="DESKTOP-2Q4FCBV" failures="0" tests="1" name="haatbhaar.ui_simple.Welcome" time="6.094" errors="0" timestamp="2025-02-19T00:07:15 IST" skipped="0">
  <testcase classname="haatbhaar.ui_simple.Welcome" name="StartTest" time="6.094"/>
</testsuite> <!-- haatbhaar.ui_simple.Welcome -->
